<?xml version="1.0" encoding="UTF-8"?>
<testsuites>
    <testsuite name="PhpMetrics Suite" tests="56" assertions="113" failures="0" errors="0" time="0.241833">
        <testsuite name="Test\Hal\Application\Config\ParserTest"
                   file="tests/Application/Config/ParserTest.php" tests="7"
                   assertions="7" failures="0" errors="0" time="0.005405">
            <testsuite name="Test\Hal\Application\Config\ParserTest::testICanParseArguments" tests="7" assertions="7"
                       failures="0" errors="0" time="0.005405">
                <testcase name="testICanParseArguments with data set #0" assertions="1" time="0.001322"/>
                <testcase name="testICanParseArguments with data set #1" assertions="1" time="0.000134"/>
                <testcase name="testICanParseArguments with data set #2" assertions="1" time="0.000113"/>
                <testcase name="testICanParseArguments with data set #3" assertions="1" time="0.003494"/>
                <testcase name="testICanParseArguments with data set #4" assertions="1" time="0.000103"/>
                <testcase name="testICanParseArguments with data set #5" assertions="1" time="0.000121"/>
                <testcase name="testICanParseArguments with data set #6" assertions="1" time="0.000118"/>
            </testsuite>
        </testsuite>
        <testsuite name="Test\Hal\Component\Issue\IssuerTest"
                   file="tests/Component/Issuer/IssuerTest.php" tests="2"
                   assertions="6" failures="0" errors="0" time="0.024517">
            <testcase name="testICanEnableIssuer" class="Test\Hal\Component\Issue\IssuerTest"
                      file="tests/Component/Issuer/IssuerTest.php" line="15"
                      assertions="5" time="0.002145"/>
            <testcase name="testIssuerDisplayStatements" class="Test\Hal\Component\Issue\IssuerTest"
                      file="tests/Component/Issuer/IssuerTest.php" line="35"
                      assertions="1" time="0.022372"/>
        </testsuite>
    </testsuite>
</testsuites>